<?xml version="1.0" encoding="UTF-8"?>
<!-- Generated by org.testng.reporters.JUnitReportReporter -->
<testsuite skipped="3" hostname="DESKTOP-4OER0U3" name="com.tests.LoginTest" tests="4" failures="0" timestamp="2022-12-10T09:10:02 IST" time="2.234" errors="1">
  <testcase name="test01" time="0.000" classname="com.tests.LoginTest">
    <skipped/>
  </testcase> <!-- test01 -->
  <system-out/>
  <testcase name="test03" time="0.000" classname="com.tests.LoginTest">
    <skipped/>
  </testcase> <!-- test03 -->
  <system-out/>
  <testcase name="test02" time="0.000" classname="com.tests.LoginTest">
    <skipped/>
  </testcase> <!-- test02 -->
  <system-out/>
  <testcase name="setup" time="2.234" classname="com.tests.LoginTest">
    <error type="org.openqa.selenium.SessionNotCreatedException" message="session not created: This version of ChromeDriver only supports Chrome version 108
Current browser version is 107.0.5304.121 with binary path C:\Program Files (x86)\Google\Chrome\Application\chrome.exe
Build info: version: &#039;3.141.59&#039;, revision: &#039;e82be7d358&#039;, time: &#039;2018-11-14T08:17:03&#039;
System info: host: &#039;DESKTOP-4OER0U3&#039;, ip: &#039;192.168.0.104&#039;, os.name: &#039;Windows 10&#039;, os.arch: &#039;amd64&#039;, os.version: &#039;10.0&#039;, java.version: &#039;1.8.0_144&#039;
Driver info: driver.version: ChromeDriver
remote stacktrace: Backtrace:
	(No symbol) [0x00EBF243]
	(No symbol) [0x00E47FD1]
	(No symbol) [0x00D3D04D]
	(No symbol) [0x00D5F6B4]
	(No symbol) [0x00D5A97C]
	(No symbol) [0x00D582E9]
	(No symbol) [0x00D8F056]
	(No symbol) [0x00D8EB2A]
	(No symbol) [0x00D88386]
	(No symbol) [0x00D6163C]
	(No symbol) [0x00D6269D]
	GetHandleVerifier [0x01159A22+2655074]
	GetHandleVerifier [0x0114CA24+2601828]
	GetHandleVerifier [0x00F68C0A+619850]
	GetHandleVerifier [0x00F67830+614768]
	(No symbol) [0x00E505FC]
	(No symbol) [0x00E55968]
	(No symbol) [0x00E55A55]
	(No symbol) [0x00E6051B]
	BaseThreadInitThunk [0x76E56939+25]
	RtlGetFullPathName_UEx [0x77278FD2+1218]
	RtlGetFullPathName_UEx [0x77278F9D+1165]
">
      <![CDATA[org.openqa.selenium.SessionNotCreatedException: session not created: This version of ChromeDriver only supports Chrome version 108
Current browser version is 107.0.5304.121 with binary path C:\Program Files (x86)\Google\Chrome\Application\chrome.exe
Build info: version: '3.141.59', revision: 'e82be7d358', time: '2018-11-14T08:17:03'
System info: host: 'DESKTOP-4OER0U3', ip: '192.168.0.104', os.name: 'Windows 10', os.arch: 'amd64', os.version: '10.0', java.version: '1.8.0_144'
Driver info: driver.version: ChromeDriver
remote stacktrace: Backtrace:
(No symbol) [0x00EBF243]
(No symbol) [0x00E47FD1]
(No symbol) [0x00D3D04D]
(No symbol) [0x00D5F6B4]
(No symbol) [0x00D5A97C]
(No symbol) [0x00D582E9]
(No symbol) [0x00D8F056]
(No symbol) [0x00D8EB2A]
(No symbol) [0x00D88386]
(No symbol) [0x00D6163C]
(No symbol) [0x00D6269D]
GetHandleVerifier [0x01159A22+2655074]
GetHandleVerifier [0x0114CA24+2601828]
GetHandleVerifier [0x00F68C0A+619850]
GetHandleVerifier [0x00F67830+614768]
(No symbol) [0x00E505FC]
(No symbol) [0x00E55968]
(No symbol) [0x00E55A55]
(No symbol) [0x00E6051B]
BaseThreadInitThunk [0x76E56939+25]
RtlGetFullPathName_UEx [0x77278FD2+1218]
RtlGetFullPathName_UEx [0x77278F9D+1165]

at sun.reflect.NativeConstructorAccessorImpl.newInstance0(Native Method)
at sun.reflect.NativeConstructorAccessorImpl.newInstance(NativeConstructorAccessorImpl.java:62)
at sun.reflect.DelegatingConstructorAccessorImpl.newInstance(DelegatingConstructorAccessorImpl.java:45)
at java.lang.reflect.Constructor.newInstance(Constructor.java:423)
at org.openqa.selenium.remote.W3CHandshakeResponse.lambda$errorHandler$0(W3CHandshakeResponse.java:62)
at org.openqa.selenium.remote.HandshakeResponse.lambda$getResponseFunction$0(HandshakeResponse.java:30)
at org.openqa.selenium.remote.ProtocolHandshake.lambda$createSession$0(ProtocolHandshake.java:126)
at java.util.stream.ReferencePipeline$3$1.accept(ReferencePipeline.java:193)
at java.util.Spliterators$ArraySpliterator.tryAdvance(Spliterators.java:958)
at java.util.stream.ReferencePipeline.forEachWithCancel(ReferencePipeline.java:126)
at java.util.stream.AbstractPipeline.copyIntoWithCancel(AbstractPipeline.java:498)
at java.util.stream.AbstractPipeline.copyInto(AbstractPipeline.java:485)
at java.util.stream.AbstractPipeline.wrapAndCopyInto(AbstractPipeline.java:471)
at java.util.stream.FindOps$FindOp.evaluateSequential(FindOps.java:152)
at java.util.stream.AbstractPipeline.evaluate(AbstractPipeline.java:234)
at java.util.stream.ReferencePipeline.findFirst(ReferencePipeline.java:464)
at org.openqa.selenium.remote.ProtocolHandshake.createSession(ProtocolHandshake.java:128)
at org.openqa.selenium.remote.ProtocolHandshake.createSession(ProtocolHandshake.java:74)
at org.openqa.selenium.remote.HttpCommandExecutor.execute(HttpCommandExecutor.java:136)
at org.openqa.selenium.remote.service.DriverCommandExecutor.execute(DriverCommandExecutor.java:83)
at org.openqa.selenium.remote.RemoteWebDriver.execute(RemoteWebDriver.java:552)
at org.openqa.selenium.remote.RemoteWebDriver.startSession(RemoteWebDriver.java:213)
at org.openqa.selenium.remote.RemoteWebDriver.<init>(RemoteWebDriver.java:131)
at org.openqa.selenium.chrome.ChromeDriver.<init>(ChromeDriver.java:181)
at org.openqa.selenium.chrome.ChromeDriver.<init>(ChromeDriver.java:168)
at org.openqa.selenium.chrome.ChromeDriver.<init>(ChromeDriver.java:123)
at com.base.BaseClass.initialization(BaseClass.java:34)
at com.tests.LoginTest.setup(LoginTest.java:18)
at sun.reflect.NativeMethodAccessorImpl.invoke0(Native Method)
at sun.reflect.NativeMethodAccessorImpl.invoke(NativeMethodAccessorImpl.java:62)
at sun.reflect.DelegatingMethodAccessorImpl.invoke(DelegatingMethodAccessorImpl.java:43)
at java.lang.reflect.Method.invoke(Method.java:498)
at org.testng.internal.MethodInvocationHelper.invokeMethod(MethodInvocationHelper.java:133)
at org.testng.internal.MethodInvocationHelper.invokeMethodConsideringTimeout(MethodInvocationHelper.java:62)
at org.testng.internal.ConfigInvoker.invokeConfigurationMethod(ConfigInvoker.java:385)
at org.testng.internal.ConfigInvoker.invokeConfigurations(ConfigInvoker.java:321)
at org.testng.SuiteRunner.privateRun(SuiteRunner.java:317)
at org.testng.SuiteRunner.run(SuiteRunner.java:276)
at org.testng.SuiteRunnerWorker.runSuite(SuiteRunnerWorker.java:53)
at org.testng.SuiteRunnerWorker.run(SuiteRunnerWorker.java:96)
at org.testng.TestNG.runSuitesSequentially(TestNG.java:1212)
at org.testng.TestNG.runSuitesLocally(TestNG.java:1134)
at org.testng.TestNG.runSuites(TestNG.java:1063)
at org.testng.TestNG.run(TestNG.java:1031)
at org.testng.remote.AbstractRemoteTestNG.run(AbstractRemoteTestNG.java:115)
at org.testng.remote.RemoteTestNG.initAndRun(RemoteTestNG.java:251)
at org.testng.remote.RemoteTestNG.main(RemoteTestNG.java:77)
]]>
    </error>
  </testcase> <!-- setup -->
  <system-out/>
</testsuite> <!-- com.tests.LoginTest -->
